TN:
SF:src\config\api.js
FN:9,(anonymous_0)
FN:18,(anonymous_1)
FN:26,(anonymous_2)
FN:50,(anonymous_3)
FN:55,(anonymous_4)
FN:75,(anonymous_5)
FNF:6
FNH:6
FNDA:11,(anonymous_0)
FNDA:3,(anonymous_1)
FNDA:10,(anonymous_2)
FNDA:2,(anonymous_3)
FNDA:2,(anonymous_4)
FNDA:4,(anonymous_5)
DA:3,11
DA:4,11
DA:5,11
DA:6,11
DA:7,11
DA:9,11
DA:10,11
DA:11,10
DA:14,1
DA:15,1
DA:18,11
DA:19,3
DA:20,0
DA:23,3
DA:26,11
DA:27,10
DA:28,10
DA:29,7
DA:32,3
DA:33,0
DA:36,3
DA:37,0
DA:40,3
DA:41,0
DA:44,3
DA:47,11
DA:50,11
DA:51,2
DA:52,2
DA:55,11
DA:56,2
DA:57,1
DA:60,1
DA:61,1
DA:64,0
DA:65,0
DA:68,0
DA:69,0
DA:72,0
DA:75,11
DA:76,4
DA:77,1
DA:80,3
DA:81,2
DA:84,1
LF:45
LH:36
BRDA:4,0,0,11
BRDA:4,0,1,11
BRDA:5,1,0,11
BRDA:5,1,1,11
BRDA:10,2,0,10
BRDA:10,2,1,1
BRDA:15,3,0,1
BRDA:15,3,1,0
BRDA:19,4,0,0
BRDA:19,4,1,3
BRDA:19,5,0,3
BRDA:19,5,1,3
BRDA:23,6,0,3
BRDA:23,6,1,0
BRDA:28,7,0,7
BRDA:28,7,1,3
BRDA:32,8,0,0
BRDA:32,8,1,3
BRDA:36,9,0,0
BRDA:36,9,1,3
BRDA:36,10,0,3
BRDA:36,10,1,3
BRDA:36,10,2,0
BRDA:40,11,0,0
BRDA:40,11,1,3
BRDA:47,12,0,11
BRDA:47,12,1,10
BRDA:50,13,0,0
BRDA:51,14,0,1
BRDA:51,14,1,1
BRDA:56,15,0,1
BRDA:56,15,1,1
BRDA:60,16,0,1
BRDA:60,16,1,0
BRDA:64,17,0,0
BRDA:64,17,1,0
BRDA:68,18,0,0
BRDA:68,18,1,0
BRDA:76,19,0,1
BRDA:76,19,1,3
BRDA:80,20,0,2
BRDA:80,20,1,1
BRDA:80,21,0,3
BRDA:80,21,1,3
BRDA:80,21,2,2
BRF:45
BRH:32
end_of_record
TN:
SF:src\constants\theme.js
FNF:0
FNH:0
DA:1,0
LF:1
LH:0
BRF:0
BRH:0
end_of_record
TN:
SF:src\context\AuthContext.js
FN:6,AuthProvider
FN:9,(anonymous_1)
FN:11,(anonymous_2)
FN:21,useAuth
FNF:4
FNH:4
FNDA:6,AuthProvider
FNDA:2,(anonymous_1)
FNDA:1,(anonymous_2)
FNDA:8,useAuth
DA:3,1
DA:7,6
DA:9,6
DA:11,6
DA:13,6
DA:22,8
DA:23,8
DA:24,2
DA:26,6
LF:9
LH:9
BRDA:14,0,0,6
BRDA:14,0,1,4
BRDA:14,1,0,6
BRDA:14,1,1,4
BRDA:23,2,0,2
BRDA:23,2,1,6
BRF:6
BRH:6
end_of_record
